c:\users\michi\onedrive - hogeschool west-vlaanderen\bureaublad\eeckhout_michiel_castlevania_aria_of_sorrow\castlevania\x64\debug\castlevania.pch
c:\users\michi\onedrive - hogeschool west-vlaanderen\bureaublad\eeckhout_michiel_castlevania_aria_of_sorrow\castlevania\x64\debug\vc143.pdb
c:\users\michi\onedrive - hogeschool west-vlaanderen\bureaublad\eeckhout_michiel_castlevania_aria_of_sorrow\castlevania\x64\debug\vc143.idb
c:\users\michi\onedrive - hogeschool west-vlaanderen\bureaublad\eeckhout_michiel_castlevania_aria_of_sorrow\castlevania\x64\debug\audiomanager.obj
c:\users\michi\onedrive - hogeschool west-vlaanderen\bureaublad\eeckhout_michiel_castlevania_aria_of_sorrow\castlevania\x64\debug\bonethrower.obj
c:\users\michi\onedrive - hogeschool west-vlaanderen\bureaublad\eeckhout_michiel_castlevania_aria_of_sorrow\castlevania\x64\debug\bossroomlevel.obj
c:\users\michi\onedrive - hogeschool west-vlaanderen\bureaublad\eeckhout_michiel_castlevania_aria_of_sorrow\castlevania\x64\debug\camera.obj
c:\users\michi\onedrive - hogeschool west-vlaanderen\bureaublad\eeckhout_michiel_castlevania_aria_of_sorrow\castlevania\x64\debug\castleentrance.obj
c:\users\michi\onedrive - hogeschool west-vlaanderen\bureaublad\eeckhout_michiel_castlevania_aria_of_sorrow\castlevania\x64\debug\corridor1level.obj
c:\users\michi\onedrive - hogeschool west-vlaanderen\bureaublad\eeckhout_michiel_castlevania_aria_of_sorrow\castlevania\x64\debug\corridor2level.obj
c:\users\michi\onedrive - hogeschool west-vlaanderen\bureaublad\eeckhout_michiel_castlevania_aria_of_sorrow\castlevania\x64\debug\enemy.obj
c:\users\michi\onedrive - hogeschool west-vlaanderen\bureaublad\eeckhout_michiel_castlevania_aria_of_sorrow\castlevania\x64\debug\enemyprojectile.obj
c:\users\michi\onedrive - hogeschool west-vlaanderen\bureaublad\eeckhout_michiel_castlevania_aria_of_sorrow\castlevania\x64\debug\game.obj
c:\users\michi\onedrive - hogeschool west-vlaanderen\bureaublad\eeckhout_michiel_castlevania_aria_of_sorrow\castlevania\x64\debug\gameobject.obj
c:\users\michi\onedrive - hogeschool west-vlaanderen\bureaublad\eeckhout_michiel_castlevania_aria_of_sorrow\castlevania\x64\debug\gold.obj
c:\users\michi\onedrive - hogeschool west-vlaanderen\bureaublad\eeckhout_michiel_castlevania_aria_of_sorrow\castlevania\x64\debug\gravekeeperbackdash.obj
c:\users\michi\onedrive - hogeschool west-vlaanderen\bureaublad\eeckhout_michiel_castlevania_aria_of_sorrow\castlevania\x64\debug\hud.obj
c:\users\michi\onedrive - hogeschool west-vlaanderen\bureaublad\eeckhout_michiel_castlevania_aria_of_sorrow\castlevania\x64\debug\level.obj
c:\users\michi\onedrive - hogeschool west-vlaanderen\bureaublad\eeckhout_michiel_castlevania_aria_of_sorrow\castlevania\x64\debug\levelmanager.obj
c:\users\michi\onedrive - hogeschool west-vlaanderen\bureaublad\eeckhout_michiel_castlevania_aria_of_sorrow\castlevania\x64\debug\main.obj
c:\users\michi\onedrive - hogeschool west-vlaanderen\bureaublad\eeckhout_michiel_castlevania_aria_of_sorrow\castlevania\x64\debug\objectmanager.obj
c:\users\michi\onedrive - hogeschool west-vlaanderen\bureaublad\eeckhout_michiel_castlevania_aria_of_sorrow\castlevania\x64\debug\pch.obj
c:\users\michi\onedrive - hogeschool west-vlaanderen\bureaublad\eeckhout_michiel_castlevania_aria_of_sorrow\castlevania\x64\debug\player.obj
c:\users\michi\onedrive - hogeschool west-vlaanderen\bureaublad\eeckhout_michiel_castlevania_aria_of_sorrow\castlevania\x64\debug\playerprojectilespear.obj
c:\users\michi\onedrive - hogeschool west-vlaanderen\bureaublad\eeckhout_michiel_castlevania_aria_of_sorrow\castlevania\x64\debug\stonehallwaylevel.obj
c:\users\michi\onedrive - hogeschool west-vlaanderen\bureaublad\eeckhout_michiel_castlevania_aria_of_sorrow\castlevania\x64\debug\texturemanager.obj
c:\users\michi\onedrive - hogeschool west-vlaanderen\bureaublad\eeckhout_michiel_castlevania_aria_of_sorrow\castlevania\x64\debug\uimanager.obj
c:\users\michi\onedrive - hogeschool west-vlaanderen\bureaublad\eeckhout_michiel_castlevania_aria_of_sorrow\castlevania\x64\debug\wallchandelier.obj
c:\users\michi\onedrive - hogeschool west-vlaanderen\bureaublad\eeckhout_michiel_castlevania_aria_of_sorrow\castlevania\x64\debug\waterlevel.obj
c:\users\michi\onedrive - hogeschool west-vlaanderen\bureaublad\eeckhout_michiel_castlevania_aria_of_sorrow\castlevania\x64\debug\zombie.obj
c:\users\michi\onedrive - hogeschool west-vlaanderen\bureaublad\eeckhout_michiel_castlevania_aria_of_sorrow\x64\debug\castlevania.exe
c:\users\michi\onedrive - hogeschool west-vlaanderen\bureaublad\eeckhout_michiel_castlevania_aria_of_sorrow\castlevania\x64\debug\castlevania.ilk
c:\users\michi\onedrive - hogeschool west-vlaanderen\bureaublad\eeckhout_michiel_castlevania_aria_of_sorrow\x64\debug\castlevania.pdb
c:\users\michi\onedrive - hogeschool west-vlaanderen\bureaublad\eeckhout_michiel_castlevania_aria_of_sorrow\castlevania\x64\debug\castlevania.tlog\cl.command.1.tlog
c:\users\michi\onedrive - hogeschool west-vlaanderen\bureaublad\eeckhout_michiel_castlevania_aria_of_sorrow\castlevania\x64\debug\castlevania.tlog\cl.read.1.tlog
c:\users\michi\onedrive - hogeschool west-vlaanderen\bureaublad\eeckhout_michiel_castlevania_aria_of_sorrow\castlevania\x64\debug\castlevania.tlog\cl.write.1.tlog
c:\users\michi\onedrive - hogeschool west-vlaanderen\bureaublad\eeckhout_michiel_castlevania_aria_of_sorrow\castlevania\x64\debug\castlevania.tlog\link.command.1.tlog
c:\users\michi\onedrive - hogeschool west-vlaanderen\bureaublad\eeckhout_michiel_castlevania_aria_of_sorrow\castlevania\x64\debug\castlevania.tlog\link.read.1.tlog
c:\users\michi\onedrive - hogeschool west-vlaanderen\bureaublad\eeckhout_michiel_castlevania_aria_of_sorrow\castlevania\x64\debug\castlevania.tlog\link.write.1.tlog
